Arguments: 
  C:\Program Files\nodejs\node.exe C:\Program Files (x86)\Yarn\bin\yarn.js

PATH: 
  C:\Users\vitor.f.martins\AppData\Local\Programs\Git\mingw64\bin;C:\Users\vitor.f.martins\AppData\Local\Programs\Git\usr\bin;C:\Users\vitor.f.martins\bin;C:\Program Files (x86)\Common Files\Oracle\Java\javapath;C:\windows\system32;C:\windows;C:\windows\System32\Wbem;C:\windows\System32\WindowsPowerShell\v1.0;C:\windows\System32\OpenSSH;C:\Program Files\nodejs;C:\Users\vitor.f.martins\AppData\Local\Android\Sdk\platform-tools;C:\Users\vitor.f.martins\AppData\Local\Android\Sdk\tools;C:\Program Files (x86)\Yarn\bin;C:\Users\vitor.f.martins\AppData\Local\Microsoft\WindowsApps;C:\Users\vitor.f.martins\AppData\Roaming\npm;C:\Java\apache-maven-3.6.2\bin;C:\Java\apache-maven-3.6.2\bin;C:\Program Files\Java\jdk1.8.0_221\bin;C:\Users\vitor.f.martins\AppData\Local\Programs\Microsoft VS Code\bin;C:\Users\vitor.f.martins\AppData\Local\Yarn\bin;C:\Users\vitor.f.martins\AppData\Local\Programs\Git\cmd

Yarn version: 
  1.19.1

Node version: 
  10.16.3

Platform: 
  win32 x64

Trace: 
  Error: https://oinexus.intranet/repository/npm-group/body-parser: tunneling socket could not be established, statusCode=407
      at ClientRequest.onConnect (C:\Program Files (x86)\Yarn\lib\cli.js:152039:19)
      at Object.onceWrapper (events.js:286:20)
      at ClientRequest.emit (events.js:198:13)
      at Socket.socketOnData (_http_client.js:475:11)
      at Socket.emit (events.js:198:13)
      at addChunk (_stream_readable.js:288:12)
      at readableAddChunk (_stream_readable.js:269:11)
      at Socket.Readable.push (_stream_readable.js:224:10)
      at TCP.onStreamRead [as onread] (internal/stream_base_commons.js:94:17)

npm manifest: 
  {
    "name": "uniqa-api",
    "version": "0.1.0",
    "private": true,
    "author": "Vitor Martins",
    "license": "ISC",
    "scripts": {
      "start": "npm run prod",
      "server": "babel-node ./src/bin/www",
      "server:prod": "node ./dist/bin/www",
      "dev": "NODE_ENV=development npm-run-all server",
      "clean": "rimraf dist",
      "build": "babel ./src --out-dir dist",
      "prod": "NODE_ENV=production npm-run-all clean build server:prod",
      "watch": "nodemon"
    },
    "dependencies": {
      "body-parser": "^1.19.0",
      "cookie-parser": "~1.4.4",
      "cors": "^2.8.5",
      "debug": "~2.6.9",
      "express": "~4.16.1",
      "express-jwt": "^5.3.1",
      "http-errors": "~1.6.3",
      "http-status": "^1.4.0",
      "morgan": "~1.9.1",
      "npm-run-all": "^4.1.5",
      "rimraf": "^3.0.0"
    },
    "devDependencies": {
      "@babel/cli": "^7.7.0",
      "@babel/core": "^7.7.2",
      "@babel/node": "^7.7.0",
      "@babel/preset-env": "^7.7.1",
      "nodemon": "^1.19.4"
    }
  }

yarn manifest: 
  No manifest

Lockfile: 
  No lockfile
